<?xml version="1.0" encoding="UTF-8"?>
<testsuite name="pro.dspace.home.ivan.bag2.IvanBagTest" tests="6" skipped="0" failures="0" errors="0" timestamp="2018-10-18T03:21:42" hostname="FilinPW" time="0.021">
  <properties/>
  <testcase name="testAdd" classname="pro.dspace.home.ivan.bag2.IvanBagTest" time="0.015"/>
  <testcase name="testCount" classname="pro.dspace.home.ivan.bag2.IvanBagTest" time="0.0"/>
  <testcase name="testSize" classname="pro.dspace.home.ivan.bag2.IvanBagTest" time="0.0"/>
  <testcase name="testContains" classname="pro.dspace.home.ivan.bag2.IvanBagTest" time="0.001"/>
  <testcase name="testIsEmpty" classname="pro.dspace.home.ivan.bag2.IvanBagTest" time="0.0"/>
  <testcase name="testRemove" classname="pro.dspace.home.ivan.bag2.IvanBagTest" time="0.0"/>
  <system-out><![CDATA[]]></system-out>
  <system-err><![CDATA[]]></system-err>
</testsuite>
